<?xml version="1.0" encoding="UTF-8"?>
<testng-results skipped="0" failed="0" total="1" passed="1">
  <reporter-output>
  </reporter-output>
  <suite name="Suite" duration-ms="10522" started-at="2016-08-02T04:59:58Z" finished-at="2016-08-02T05:00:08Z">
    <groups>
    </groups>
    <test name="Test" duration-ms="10522" started-at="2016-08-02T04:59:58Z" finished-at="2016-08-02T05:00:08Z">
      <class name="tests.LaunchBrowser">
        <test-method status="PASS" signature="executeTest()[pri:0, instance:tests.LaunchBrowser@17550481]" name="executeTest" duration-ms="10510" started-at="2016-08-02T10:29:58Z" finished-at="2016-08-02T10:30:08Z">
          <reporter-output>
          </reporter-output>
        </test-method> <!-- executeTest -->
      </class> <!-- tests.LaunchBrowser -->
    </test> <!-- Test -->
  </suite> <!-- Suite -->
</testng-results>
